<?xml version="1.0" encoding="UTF-8"?>
<!-- Generated by org.testng.reporters.JUnitReportReporter -->
<testsuite hostname="PRISHARM3" name="meridium.APM.TestScript.Facebooklogin" tests="1" failures="0" timestamp="22 Mar 2017 17:43:38 GMT" time="17.964" errors="0">
  <testcase name="login" time="17.964" classname="meridium.APM.TestScript.Facebooklogin"/>
</testsuite> <!-- meridium.APM.TestScript.Facebooklogin -->
